<?xml version="1.0" encoding="UTF-8"?>
<!-- Generated by org.testng.reporters.JUnitXMLReporter -->
<testsuite hostname="LAPTOP-LNB1H88U" ignored="0" name="Reddiff ap[lication test cases" tests="10" failures="1" timestamp="24 Nov 2021 23:17:32 GMT" time="157.727" errors="0">
  <testcase name="validateHomePageTitleTest" time="4.875" classname="com.wbl.testcases.HomePageTest"/>
  <testcase name="loginPageTitleTest" time="0.009" classname="com.wbl.testcases.LoginPageTest"/>
  <testcase name="createnewContactTest" time="2.49" classname="com.wbl.testcases.ContactspageTest"/>
  <testcase name="createnewContactTest" time="1.275" classname="com.wbl.testcases.ContactspageTest"/>
  <testcase name="createnewContactTest" time="1.252" classname="com.wbl.testcases.ContactspageTest"/>
  <testcase name="createnewContactTest" time="1.245" classname="com.wbl.testcases.ContactspageTest"/>
  <testcase name="validateUserNameTest" time="0.04" classname="com.wbl.testcases.HomePageTest"/>
  <testcase name="LoginTest" time="9.926" classname="com.wbl.testcases.LoginPageTest"/>
  <testcase name="selectContactTest" time="10.808" classname="com.wbl.testcases.ContactspageTest">
    <failure type="org.openqa.selenium.NoSuchElementException" message="no such element: Unable to locate element: {&amp;quot;method&amp;quot;:&amp;quot;xpath&amp;quot;,&amp;quot;selector&amp;quot;:&amp;quot;//a[text()=&amp;apos;padm&amp;apos;]/parent::span/parent::li/cite&amp;quot;}
  (Session info: chrome=96.0.4664.45)
For documentation on this error, please visit: https://www.seleniumhq.org/exceptions/no_such_element.html
Build info: version: &amp;apos;3.141.59&amp;apos;, revision: &amp;apos;e82be7d358&amp;apos;, time: &amp;apos;2018-11-14T08:17:03&amp;apos;
System info: host: &amp;apos;LAPTOP-LNB1H88U&amp;apos;, ip: &amp;apos;192.168.1.7&amp;apos;, os.name: &amp;apos;Windows 10&amp;apos;, os.arch: &amp;apos;amd64&amp;apos;, os.version: &amp;apos;10.0&amp;apos;, java.version: &amp;apos;1.8.0_261&amp;apos;
Driver info: org.openqa.selenium.chrome.ChromeDriver
Capabilities {acceptInsecureCerts: false, browserName: chrome, browserVersion: 96.0.4664.45, chrome: {chromedriverVersion: 95.0.4638.17 (a9d0719444d4b..., userDataDir: C:\Users\sivaj\AppData\Loca...}, goog:chromeOptions: {debuggerAddress: localhost:58684}, javascriptEnabled: true, networkConnectionEnabled: false, pageLoadStrategy: normal, platform: WINDOWS, platformName: WINDOWS, proxy: Proxy(), setWindowRect: true, strictFileInteractability: false, timeouts: {implicit: 0, pageLoad: 300000, script: 30000}, unhandledPromptBehavior: dismiss and notify, webauthn:extension:credBlob: true, webauthn:extension:largeBlob: true, webauthn:virtualAuthenticators: true}
Session ID: 198360bc39e647a7a2374e6dcc9ee871
*** Element info: {Using=xpath, value=//a[text()=&amp;apos;padm&amp;apos;]/parent::span/parent::li/cite}">
      <![CDATA[org.openqa.selenium.NoSuchElementException: no such element: Unable to locate element: {"method":"xpath","selector":"//a[text()='padm']/parent::span/parent::li/cite"}
  (Session info: chrome=96.0.4664.45)
For documentation on this error, please visit: https://www.seleniumhq.org/exceptions/no_such_element.html
Build info: version: '3.141.59', revision: 'e82be7d358', time: '2018-11-14T08:17:03'
System info: host: 'LAPTOP-LNB1H88U', ip: '192.168.1.7', os.name: 'Windows 10', os.arch: 'amd64', os.version: '10.0', java.version: '1.8.0_261'
Driver info: org.openqa.selenium.chrome.ChromeDriver
Capabilities {acceptInsecureCerts: false, browserName: chrome, browserVersion: 96.0.4664.45, chrome: {chromedriverVersion: 95.0.4638.17 (a9d0719444d4b..., userDataDir: C:\Users\sivaj\AppData\Loca...}, goog:chromeOptions: {debuggerAddress: localhost:58684}, javascriptEnabled: true, networkConnectionEnabled: false, pageLoadStrategy: normal, platform: WINDOWS, platformName: WINDOWS, proxy: Proxy(), setWindowRect: true, strictFileInteractability: false, timeouts: {implicit: 0, pageLoad: 300000, script: 30000}, unhandledPromptBehavior: dismiss and notify, webauthn:extension:credBlob: true, webauthn:extension:largeBlob: true, webauthn:virtualAuthenticators: true}
Session ID: 198360bc39e647a7a2374e6dcc9ee871
*** Element info: {Using=xpath, value=//a[text()='padm']/parent::span/parent::li/cite}
at org.openqa.selenium.remote.http.W3CHttpResponseCodec.createException(W3CHttpResponseCodec.java:187)
at org.openqa.selenium.remote.http.W3CHttpResponseCodec.decode(W3CHttpResponseCodec.java:122)
at org.openqa.selenium.remote.http.W3CHttpResponseCodec.decode(W3CHttpResponseCodec.java:49)
at org.openqa.selenium.remote.HttpCommandExecutor.execute(HttpCommandExecutor.java:158)
at org.openqa.selenium.remote.service.DriverCommandExecutor.execute(DriverCommandExecutor.java:83)
at org.openqa.selenium.remote.RemoteWebDriver.execute(RemoteWebDriver.java:552)
at org.openqa.selenium.remote.RemoteWebDriver.findElement(RemoteWebDriver.java:323)
at org.openqa.selenium.remote.RemoteWebDriver.findElementByXPath(RemoteWebDriver.java:428)
at org.openqa.selenium.By$ByXPath.findElement(By.java:353)
at org.openqa.selenium.remote.RemoteWebDriver.findElement(RemoteWebDriver.java:315)
at org.openqa.selenium.support.events.EventFiringWebDriver.lambda$new$1(EventFiringWebDriver.java:105)
at com.sun.proxy.$Proxy25.findElement(Unknown Source)
at org.openqa.selenium.support.events.EventFiringWebDriver.findElement(EventFiringWebDriver.java:194)
at com.wbl.pages.ContactsPage.selectContact(ContactsPage.java:84)
at com.wbl.testcases.ContactspageTest.selectContactTest(ContactspageTest.java:91)
... Removed 36 stack frames]]>
    </failure>
  </testcase> <!-- selectContactTest -->
  <testcase name="clickOnContanctsTest" time="7.553" classname="com.wbl.testcases.HomePageTest"/>
</testsuite> <!-- Reddiff ap[lication test cases -->
