<?xml version="1.0" encoding="UTF-8"?>
<!-- Generated by org.testng.reporters.JUnitXMLReporter -->
<testsuite hostname="LAPTOP-LNB1H88U" ignored="0" name="Default test" tests="3" failures="0" timestamp="2021-10-04T19:42:19 MDT" time="32.338" errors="0">
  <testcase name="validateHomePageTitleTest" time="2.182" classname="com.wbl.testcases.HomePageTest"/>
  <testcase name="validateUserNameTest" time="2.872" classname="com.wbl.testcases.HomePageTest"/>
  <testcase name="clickOnContanctsTest" time="2.075" classname="com.wbl.testcases.HomePageTest"/>
</testsuite> <!-- Default test -->
