<?xml version="1.0" encoding="UTF-8"?>
<!-- Generated by org.testng.reporters.JUnitXMLReporter -->
<testsuite hostname="LAPTOP-LNB1H88U" ignored="0" name="Default test" tests="3" failures="0" timestamp="2022-01-08T13:45:25 MST" time="39.321" errors="0">
  <testcase name="validateHomePageTitleTest" time="0.01" classname="com.wbl.testcases.HomePageTest"/>
  <testcase name="validateUserNameTest" time="5.464" classname="com.wbl.testcases.HomePageTest"/>
  <testcase name="clickOnContanctsTest" time="2.065" classname="com.wbl.testcases.HomePageTest"/>
</testsuite> <!-- Default test -->
