<?xml version="1.0" encoding="UTF-8"?>
<!-- Generated by org.testng.reporters.JUnitXMLReporter -->
<testsuite hostname="LAPTOP-LNB1H88U" ignored="0" name="Test" tests="7" failures="0" timestamp="30 Sep 2021 01:10:03 GMT" time="66.095" errors="0">
  <testcase name="validateHomePageTitleTest" time="2.207" classname="com.wbl.testcases.HomePageTest"/>
  <testcase name="loginPageTitleTest" time="0.004" classname="com.wbl.testcases.LoginPageTest"/>
  <testcase name="newContactTest" time="1.648" classname="com.wbl.testcases.ContactspageTest"/>
  <testcase name="validateUserNameTest" time="0.026" classname="com.wbl.testcases.HomePageTest"/>
  <testcase name="LoginTest" time="6.136" classname="com.wbl.testcases.LoginPageTest"/>
  <testcase name="selectContactTest" time="0.153" classname="com.wbl.testcases.ContactspageTest"/>
  <testcase name="clickOnContanctsTest" time="1.068" classname="com.wbl.testcases.HomePageTest"/>
</testsuite> <!-- Test -->
