<?xml version="1.0" encoding="UTF-8"?>
<testsuite xmlns:xsi="http://www.w3.org/2001/XMLSchema-instance" xsi:noNamespaceSchemaLocation="https://maven.apache.org/surefire/maven-surefire-plugin/xsd/surefire-test-report-3.0.xsd" version="3.0" name="TestSuite" time="143.636" tests="10" errors="0" skipped="0" failures="1">
  <properties>
[...]
</properties>
  <testcase name="validateHomePageTitleTest" classname="com.wbl.testcases.HomePageTest" time="0">
    <system-out><![CDATA[[TestNGContentHandler] [WARN] It is strongly recommended to add "<!DOCTYPE suite SYSTEM "http://testng.org/testng-1.0.dtd" >" at the top of your file, otherwise TestNG may fail or not work as expected.
before navigating to:https://www.rediff.com/
naviagte to: https://www.rediff.com/
web element found by : By.xpath: //a[text()='Sign in']
after clicked on element[[ChromeDriver: chrome on WINDOWS (65ac13a66c45ebfc8843430322ccb30b)] -> xpath: //a[text()='Sign in']]
web element found by : By.xpath: //input[@id='login1']
web element found by : By.xpath: //input[@id='password']
web element found by : By.xpath: //input[@name='proceed']
after clicked on element[[ChromeDriver: chrome on WINDOWS (65ac13a66c45ebfc8843430322ccb30b)] -> xpath: //input[@name='proceed']]
]]></system-out>
    <system-err><![CDATA[Starting ChromeDriver 93.0.4577.15 (660fc11082ba57405eca2e8c49c3e1af756fbfae-refs/branch-heads/4577@{#203}) on port 34429
Only local connections are allowed.
Please see https://chromedriver.chromium.org/security-considerations for suggestions on keeping ChromeDriver safe.
ChromeDriver was started successfully.
[1633404184.789][WARNING]: This version of ChromeDriver has not been tested with Chrome version 94.
Oct 04, 2021 9:23:04 PM org.openqa.selenium.remote.ProtocolHandshake createSession
INFO: Detected dialect: W3C
]]></system-err>
  </testcase>
  <testcase name="validateUserNameTest" classname="com.wbl.testcases.HomePageTest" time="0.008">
    <system-out><![CDATA[before navigating to:https://www.rediff.com/
naviagte to: https://www.rediff.com/
web element found by : By.xpath: //a[text()='Sign in']
after clicked on element[[ChromeDriver: chrome on WINDOWS (f89250a0c98716b7e084038f7b12be73)] -> xpath: //a[text()='Sign in']]
web element found by : By.xpath: //input[@id='login1']
web element found by : By.xpath: //input[@id='password']
web element found by : By.xpath: //input[@name='proceed']
after clicked on element[[ChromeDriver: chrome on WINDOWS (f89250a0c98716b7e084038f7b12be73)] -> xpath: //input[@name='proceed']]
web element found by : By.xpath: //a[text()='bhavana rayabandi']
]]></system-out>
    <system-err><![CDATA[Starting ChromeDriver 93.0.4577.15 (660fc11082ba57405eca2e8c49c3e1af756fbfae-refs/branch-heads/4577@{#203}) on port 20425
Only local connections are allowed.
Please see https://chromedriver.chromium.org/security-considerations for suggestions on keeping ChromeDriver safe.
ChromeDriver was started successfully.
[1633404263.261][WARNING]: This version of ChromeDriver has not been tested with Chrome version 94.
Oct 04, 2021 9:24:23 PM org.openqa.selenium.remote.ProtocolHandshake createSession
INFO: Detected dialect: W3C
]]></system-err>
  </testcase>
  <testcase name="clickOnContanctsTest" classname="com.wbl.testcases.HomePageTest" time="2.028">
    <system-out><![CDATA[failed the execution
test case failed at :selectContactTest
before navigating to:https://www.rediff.com/
naviagte to: https://www.rediff.com/
web element found by : By.xpath: //a[text()='Sign in']
after clicked on element[[ChromeDriver: chrome on WINDOWS (d355a4d46e21f0b9c17c49f8b0612319)] -> xpath: //a[text()='Sign in']]
web element found by : By.xpath: //input[@id='login1']
web element found by : By.xpath: //input[@id='password']
web element found by : By.xpath: //input[@name='proceed']
after clicked on element[[ChromeDriver: chrome on WINDOWS (d355a4d46e21f0b9c17c49f8b0612319)] -> xpath: //input[@name='proceed']]
web element found by : By.xpath: //div[@class='rd_wid2']/h4
after clicked on element[[ChromeDriver: chrome on WINDOWS (d355a4d46e21f0b9c17c49f8b0612319)] -> xpath: //div[@class='rd_wid2']/h4]
]]></system-out>
    <system-err><![CDATA[Starting ChromeDriver 93.0.4577.15 (660fc11082ba57405eca2e8c49c3e1af756fbfae-refs/branch-heads/4577@{#203}) on port 42644
Only local connections are allowed.
Please see https://chromedriver.chromium.org/security-considerations for suggestions on keeping ChromeDriver safe.
ChromeDriver was started successfully.
[1633404311.672][WARNING]: This version of ChromeDriver has not been tested with Chrome version 94.
Oct 04, 2021 9:25:11 PM org.openqa.selenium.remote.ProtocolHandshake createSession
INFO: Detected dialect: W3C
]]></system-err>
  </testcase>
  <testcase name="loginPageTitleTest" classname="com.wbl.testcases.LoginPageTest" time="0.007">
    <system-out><![CDATA[before navigating to:https://www.rediff.com/
naviagte to: https://www.rediff.com/
Rediff.com: News | Rediffmail | Stock Quotes | Shopping
]]></system-out>
    <system-err><![CDATA[Starting ChromeDriver 93.0.4577.15 (660fc11082ba57405eca2e8c49c3e1af756fbfae-refs/branch-heads/4577@{#203}) on port 36130
Only local connections are allowed.
Please see https://chromedriver.chromium.org/security-considerations for suggestions on keeping ChromeDriver safe.
ChromeDriver was started successfully.
[1633404198.647][WARNING]: This version of ChromeDriver has not been tested with Chrome version 94.
Oct 04, 2021 9:23:18 PM org.openqa.selenium.remote.ProtocolHandshake createSession
INFO: Detected dialect: W3C
]]></system-err>
  </testcase>
  <testcase name="LoginTest" classname="com.wbl.testcases.LoginPageTest" time="7.206">
    <system-out><![CDATA[before navigating to:https://www.rediff.com/
naviagte to: https://www.rediff.com/
web element found by : By.xpath: //a[text()='Sign in']
after clicked on element[[ChromeDriver: chrome on WINDOWS (f91d62d00ef55ffc3828e81cde1c06fe)] -> xpath: //a[text()='Sign in']]
web element found by : By.xpath: //input[@id='login1']
web element found by : By.xpath: //input[@id='password']
web element found by : By.xpath: //input[@name='proceed']
after clicked on element[[ChromeDriver: chrome on WINDOWS (f91d62d00ef55ffc3828e81cde1c06fe)] -> xpath: //input[@name='proceed']]
]]></system-out>
    <system-err><![CDATA[Starting ChromeDriver 93.0.4577.15 (660fc11082ba57405eca2e8c49c3e1af756fbfae-refs/branch-heads/4577@{#203}) on port 1885
Only local connections are allowed.
Please see https://chromedriver.chromium.org/security-considerations for suggestions on keeping ChromeDriver safe.
ChromeDriver was started successfully.
[1633404274.841][WARNING]: This version of ChromeDriver has not been tested with Chrome version 94.
Oct 04, 2021 9:24:34 PM org.openqa.selenium.remote.ProtocolHandshake createSession
INFO: Detected dialect: W3C
]]></system-err>
  </testcase>
  <testcase name="createnewContactTest[Sheryl tom, sheryl98@gmail.com, CU, personal](1)" classname="com.wbl.testcases.ContactspageTest" time="1.656">
    <system-out><![CDATA[before navigating to:https://www.rediff.com/
naviagte to: https://www.rediff.com/
web element found by : By.xpath: //a[text()='Sign in']
after clicked on element[[ChromeDriver: chrome on WINDOWS (d857075abc555807a39655cdaadf4594)] -> xpath: //a[text()='Sign in']]
web element found by : By.xpath: //input[@id='login1']
web element found by : By.xpath: //input[@id='password']
web element found by : By.xpath: //input[@name='proceed']
after clicked on element[[ChromeDriver: chrome on WINDOWS (d857075abc555807a39655cdaadf4594)] -> xpath: //input[@name='proceed']]
bhavana.rayabandi
web element found by : By.xpath: //div[@class='rd_wid2']/h4
after clicked on element[[ChromeDriver: chrome on WINDOWS (d857075abc555807a39655cdaadf4594)] -> xpath: //div[@class='rd_wid2']/h4]
web element found by : By.xpath: //div[@id='rdAddContactHandle']
after clicked on element[[ChromeDriver: chrome on WINDOWS (d857075abc555807a39655cdaadf4594)] -> xpath: //div[@id='rdAddContactHandle']]
web element found by : By.xpath: //input[@id='contact_full_name']
web element found by : By.xpath: //input[@id='contact_email']
web element found by : By.xpath: //input[@id='contact_company_name']
web element found by : By.xpath: //select[@id='contact_ind_group_list']
web element found by : By.xpath: //select[@id='contact_ind_group_list']
web element found by : By.xpath: //select[@id='contact_ind_group_list']
web element found by : By.xpath: .//option[@value = "personal"]
after clicked on element[[[[ChromeDriver: chrome on WINDOWS (d857075abc555807a39655cdaadf4594)] -> xpath: //select[@id='contact_ind_group_list']]] -> xpath: .//option[@value = "personal"]]
web element found by : By.xpath: //div[@id='save_contact']
after clicked on element[[ChromeDriver: chrome on WINDOWS (d857075abc555807a39655cdaadf4594)] -> xpath: //div[@id='save_contact']]
]]></system-out>
    <system-err><![CDATA[Starting ChromeDriver 93.0.4577.15 (660fc11082ba57405eca2e8c49c3e1af756fbfae-refs/branch-heads/4577@{#203}) on port 42312
Only local connections are allowed.
Please see https://chromedriver.chromium.org/security-considerations for suggestions on keeping ChromeDriver safe.
ChromeDriver was started successfully.
[1633404203.691][WARNING]: This version of ChromeDriver has not been tested with Chrome version 94.
Oct 04, 2021 9:23:23 PM org.openqa.selenium.remote.ProtocolHandshake createSession
INFO: Detected dialect: W3C
]]></system-err>
  </testcase>
  <testcase name="createnewContactTest[fathima mumthaz, fathimahacker@gmail.com, Amazon, office](2)" classname="com.wbl.testcases.ContactspageTest" time="1.776">
    <system-out><![CDATA[before navigating to:https://www.rediff.com/
naviagte to: https://www.rediff.com/
web element found by : By.xpath: //a[text()='Sign in']
after clicked on element[[ChromeDriver: chrome on WINDOWS (1e5f6e31d5ea6dffb172fdb41a7ee953)] -> xpath: //a[text()='Sign in']]
web element found by : By.xpath: //input[@id='login1']
web element found by : By.xpath: //input[@id='password']
web element found by : By.xpath: //input[@name='proceed']
after clicked on element[[ChromeDriver: chrome on WINDOWS (1e5f6e31d5ea6dffb172fdb41a7ee953)] -> xpath: //input[@name='proceed']]
bhavana.rayabandi
web element found by : By.xpath: //div[@class='rd_wid2']/h4
after clicked on element[[ChromeDriver: chrome on WINDOWS (1e5f6e31d5ea6dffb172fdb41a7ee953)] -> xpath: //div[@class='rd_wid2']/h4]
web element found by : By.xpath: //div[@id='rdAddContactHandle']
after clicked on element[[ChromeDriver: chrome on WINDOWS (1e5f6e31d5ea6dffb172fdb41a7ee953)] -> xpath: //div[@id='rdAddContactHandle']]
web element found by : By.xpath: //input[@id='contact_full_name']
web element found by : By.xpath: //input[@id='contact_email']
web element found by : By.xpath: //input[@id='contact_company_name']
web element found by : By.xpath: //select[@id='contact_ind_group_list']
web element found by : By.xpath: //select[@id='contact_ind_group_list']
web element found by : By.xpath: //select[@id='contact_ind_group_list']
web element found by : By.xpath: .//option[@value = "office"]
after clicked on element[[[[ChromeDriver: chrome on WINDOWS (1e5f6e31d5ea6dffb172fdb41a7ee953)] -> xpath: //select[@id='contact_ind_group_list']]] -> xpath: .//option[@value = "office"]]
web element found by : By.xpath: //div[@id='save_contact']
after clicked on element[[ChromeDriver: chrome on WINDOWS (1e5f6e31d5ea6dffb172fdb41a7ee953)] -> xpath: //div[@id='save_contact']]
]]></system-out>
    <system-err><![CDATA[Starting ChromeDriver 93.0.4577.15 (660fc11082ba57405eca2e8c49c3e1af756fbfae-refs/branch-heads/4577@{#203}) on port 14328
Only local connections are allowed.
Please see https://chromedriver.chromium.org/security-considerations for suggestions on keeping ChromeDriver safe.
ChromeDriver was started successfully.
[1633404218.578][WARNING]: This version of ChromeDriver has not been tested with Chrome version 94.
Oct 04, 2021 9:23:38 PM org.openqa.selenium.remote.ProtocolHandshake createSession
INFO: Detected dialect: W3C
]]></system-err>
  </testcase>
  <testcase name="createnewContactTest[sarayu kumari, kumarisarayu@gmail.com, IBM, school](3)" classname="com.wbl.testcases.ContactspageTest" time="1.05">
    <system-out><![CDATA[before navigating to:https://www.rediff.com/
naviagte to: https://www.rediff.com/
web element found by : By.xpath: //a[text()='Sign in']
after clicked on element[[ChromeDriver: chrome on WINDOWS (36590d1eaf899128f286a96cf986fd91)] -> xpath: //a[text()='Sign in']]
web element found by : By.xpath: //input[@id='login1']
web element found by : By.xpath: //input[@id='password']
web element found by : By.xpath: //input[@name='proceed']
after clicked on element[[ChromeDriver: chrome on WINDOWS (36590d1eaf899128f286a96cf986fd91)] -> xpath: //input[@name='proceed']]
bhavana.rayabandi
web element found by : By.xpath: //div[@class='rd_wid2']/h4
after clicked on element[[ChromeDriver: chrome on WINDOWS (36590d1eaf899128f286a96cf986fd91)] -> xpath: //div[@class='rd_wid2']/h4]
web element found by : By.xpath: //div[@id='rdAddContactHandle']
after clicked on element[[ChromeDriver: chrome on WINDOWS (36590d1eaf899128f286a96cf986fd91)] -> xpath: //div[@id='rdAddContactHandle']]
web element found by : By.xpath: //input[@id='contact_full_name']
web element found by : By.xpath: //input[@id='contact_email']
web element found by : By.xpath: //input[@id='contact_company_name']
web element found by : By.xpath: //select[@id='contact_ind_group_list']
web element found by : By.xpath: //select[@id='contact_ind_group_list']
web element found by : By.xpath: //select[@id='contact_ind_group_list']
web element found by : By.xpath: .//option[@value = "school"]
after clicked on element[[[[ChromeDriver: chrome on WINDOWS (36590d1eaf899128f286a96cf986fd91)] -> xpath: //select[@id='contact_ind_group_list']]] -> xpath: .//option[@value = "school"]]
web element found by : By.xpath: //div[@id='save_contact']
after clicked on element[[ChromeDriver: chrome on WINDOWS (36590d1eaf899128f286a96cf986fd91)] -> xpath: //div[@id='save_contact']]
]]></system-out>
    <system-err><![CDATA[Starting ChromeDriver 93.0.4577.15 (660fc11082ba57405eca2e8c49c3e1af756fbfae-refs/branch-heads/4577@{#203}) on port 18234
Only local connections are allowed.
Please see https://chromedriver.chromium.org/security-considerations for suggestions on keeping ChromeDriver safe.
ChromeDriver was started successfully.
[1633404233.507][WARNING]: This version of ChromeDriver has not been tested with Chrome version 94.
Oct 04, 2021 9:23:53 PM org.openqa.selenium.remote.ProtocolHandshake createSession
INFO: Detected dialect: W3C
]]></system-err>
  </testcase>
  <testcase name="createnewContactTest[pallavi singh, pallavisingh@gmail.com, TCS, office](4)" classname="com.wbl.testcases.ContactspageTest" time="1.418">
    <system-out><![CDATA[before navigating to:https://www.rediff.com/
naviagte to: https://www.rediff.com/
web element found by : By.xpath: //a[text()='Sign in']
after clicked on element[[ChromeDriver: chrome on WINDOWS (85d0e9d070bddb5a16fe0c825a92fccb)] -> xpath: //a[text()='Sign in']]
web element found by : By.xpath: //input[@id='login1']
web element found by : By.xpath: //input[@id='password']
web element found by : By.xpath: //input[@name='proceed']
after clicked on element[[ChromeDriver: chrome on WINDOWS (85d0e9d070bddb5a16fe0c825a92fccb)] -> xpath: //input[@name='proceed']]
bhavana.rayabandi
web element found by : By.xpath: //div[@class='rd_wid2']/h4
after clicked on element[[ChromeDriver: chrome on WINDOWS (85d0e9d070bddb5a16fe0c825a92fccb)] -> xpath: //div[@class='rd_wid2']/h4]
web element found by : By.xpath: //div[@id='rdAddContactHandle']
after clicked on element[[ChromeDriver: chrome on WINDOWS (85d0e9d070bddb5a16fe0c825a92fccb)] -> xpath: //div[@id='rdAddContactHandle']]
web element found by : By.xpath: //input[@id='contact_full_name']
web element found by : By.xpath: //input[@id='contact_email']
web element found by : By.xpath: //input[@id='contact_company_name']
web element found by : By.xpath: //select[@id='contact_ind_group_list']
web element found by : By.xpath: //select[@id='contact_ind_group_list']
web element found by : By.xpath: //select[@id='contact_ind_group_list']
web element found by : By.xpath: .//option[@value = "office"]
after clicked on element[[[[ChromeDriver: chrome on WINDOWS (85d0e9d070bddb5a16fe0c825a92fccb)] -> xpath: //select[@id='contact_ind_group_list']]] -> xpath: .//option[@value = "office"]]
web element found by : By.xpath: //div[@id='save_contact']
after clicked on element[[ChromeDriver: chrome on WINDOWS (85d0e9d070bddb5a16fe0c825a92fccb)] -> xpath: //div[@id='save_contact']]
]]></system-out>
    <system-err><![CDATA[Starting ChromeDriver 93.0.4577.15 (660fc11082ba57405eca2e8c49c3e1af756fbfae-refs/branch-heads/4577@{#203}) on port 10918
Only local connections are allowed.
Please see https://chromedriver.chromium.org/security-considerations for suggestions on keeping ChromeDriver safe.
ChromeDriver was started successfully.
[1633404248.620][WARNING]: This version of ChromeDriver has not been tested with Chrome version 94.
Oct 04, 2021 9:24:08 PM org.openqa.selenium.remote.ProtocolHandshake createSession
INFO: Detected dialect: W3C
]]></system-err>
  </testcase>
  <testcase name="selectContactTest" classname="com.wbl.testcases.ContactspageTest" time="11.18">
    <failure message="no such element: Unable to locate element: {&quot;method&quot;:&quot;xpath&quot;,&quot;selector&quot;:&quot;//a[text()=&apos;padm&apos;]/parent::span/parent::li/cite&quot;}&#10;  (Session info: chrome=94.0.4606.61)&#10;For documentation on this error, please visit: https://www.seleniumhq.org/exceptions/no_such_element.html&#10;Build info: version: &apos;3.141.59&apos;, revision: &apos;e82be7d358&apos;, time: &apos;2018-11-14T08:17:03&apos;&#10;System info: host: &apos;LAPTOP-LNB1H88U&apos;, ip: &apos;192.168.1.2&apos;, os.name: &apos;Windows 10&apos;, os.arch: &apos;amd64&apos;, os.version: &apos;10.0&apos;, java.version: &apos;1.8.0_261&apos;&#10;Driver info: org.openqa.selenium.chrome.ChromeDriver&#10;Capabilities {acceptInsecureCerts: false, browserName: chrome, browserVersion: 94.0.4606.61, chrome: {chromedriverVersion: 93.0.4577.15 (660fc11082ba5..., userDataDir: C:\Users\sivaj\AppData\Loca...}, goog:chromeOptions: {debuggerAddress: localhost:63292}, javascriptEnabled: true, networkConnectionEnabled: false, pageLoadStrategy: normal, platform: WINDOWS, platformName: WINDOWS, proxy: Proxy(), setWindowRect: true, strictFileInteractability: false, timeouts: {implicit: 0, pageLoad: 300000, script: 30000}, unhandledPromptBehavior: dismiss and notify, webauthn:extension:credBlob: true, webauthn:extension:largeBlob: true, webauthn:virtualAuthenticators: true}&#10;Session ID: 22636a8d6d7219b36bd3a5c5426e1bc5&#10;*** Element info: {Using=xpath, value=//a[text()=&apos;padm&apos;]/parent::span/parent::li/cite}" type="org.openqa.selenium.NoSuchElementException"><![CDATA[org.openqa.selenium.NoSuchElementException: 
no such element: Unable to locate element: {"method":"xpath","selector":"//a[text()='padm']/parent::span/parent::li/cite"}
  (Session info: chrome=94.0.4606.61)
For documentation on this error, please visit: https://www.seleniumhq.org/exceptions/no_such_element.html
Build info: version: '3.141.59', revision: 'e82be7d358', time: '2018-11-14T08:17:03'
System info: host: 'LAPTOP-LNB1H88U', ip: '192.168.1.2', os.name: 'Windows 10', os.arch: 'amd64', os.version: '10.0', java.version: '1.8.0_261'
Driver info: org.openqa.selenium.chrome.ChromeDriver
Capabilities {acceptInsecureCerts: false, browserName: chrome, browserVersion: 94.0.4606.61, chrome: {chromedriverVersion: 93.0.4577.15 (660fc11082ba5..., userDataDir: C:\Users\sivaj\AppData\Loca...}, goog:chromeOptions: {debuggerAddress: localhost:63292}, javascriptEnabled: true, networkConnectionEnabled: false, pageLoadStrategy: normal, platform: WINDOWS, platformName: WINDOWS, proxy: Proxy(), setWindowRect: true, strictFileInteractability: false, timeouts: {implicit: 0, pageLoad: 300000, script: 30000}, unhandledPromptBehavior: dismiss and notify, webauthn:extension:credBlob: true, webauthn:extension:largeBlob: true, webauthn:virtualAuthenticators: true}
Session ID: 22636a8d6d7219b36bd3a5c5426e1bc5
*** Element info: {Using=xpath, value=//a[text()='padm']/parent::span/parent::li/cite}
	at com.wbl.testcases.ContactspageTest.selectContactTest(ContactspageTest.java:84)
]]></failure>
    <system-out><![CDATA[before navigating to:https://www.rediff.com/
naviagte to: https://www.rediff.com/
web element found by : By.xpath: //a[text()='Sign in']
after clicked on element[[ChromeDriver: chrome on WINDOWS (22636a8d6d7219b36bd3a5c5426e1bc5)] -> xpath: //a[text()='Sign in']]
web element found by : By.xpath: //input[@id='login1']
web element found by : By.xpath: //input[@id='password']
web element found by : By.xpath: //input[@name='proceed']
after clicked on element[[ChromeDriver: chrome on WINDOWS (22636a8d6d7219b36bd3a5c5426e1bc5)] -> xpath: //input[@name='proceed']]
bhavana.rayabandi
web element found by : By.xpath: //div[@class='rd_wid2']/h4
after clicked on element[[ChromeDriver: chrome on WINDOWS (22636a8d6d7219b36bd3a5c5426e1bc5)] -> xpath: //div[@class='rd_wid2']/h4]
Execption occuredorg.openqa.selenium.NoSuchElementException: no such element: Unable to locate element: {"method":"xpath","selector":"//a[text()='padm']/parent::span/parent::li/cite"}
  (Session info: chrome=94.0.4606.61)
For documentation on this error, please visit: https://www.seleniumhq.org/exceptions/no_such_element.html
Build info: version: '3.141.59', revision: 'e82be7d358', time: '2018-11-14T08:17:03'
System info: host: 'LAPTOP-LNB1H88U', ip: '192.168.1.2', os.name: 'Windows 10', os.arch: 'amd64', os.version: '10.0', java.version: '1.8.0_261'
Driver info: org.openqa.selenium.chrome.ChromeDriver
Capabilities {acceptInsecureCerts: false, browserName: chrome, browserVersion: 94.0.4606.61, chrome: {chromedriverVersion: 93.0.4577.15 (660fc11082ba5..., userDataDir: C:\Users\sivaj\AppData\Loca...}, goog:chromeOptions: {debuggerAddress: localhost:63292}, javascriptEnabled: true, networkConnectionEnabled: false, pageLoadStrategy: normal, platform: WINDOWS, platformName: WINDOWS, proxy: Proxy(), setWindowRect: true, strictFileInteractability: false, timeouts: {implicit: 0, pageLoad: 300000, script: 30000}, unhandledPromptBehavior: dismiss and notify, webauthn:extension:credBlob: true, webauthn:extension:largeBlob: true, webauthn:virtualAuthenticators: true}
Session ID: 22636a8d6d7219b36bd3a5c5426e1bc5
*** Element info: {Using=xpath, value=//a[text()='padm']/parent::span/parent::li/cite}
]]></system-out>
    <system-err><![CDATA[Starting ChromeDriver 93.0.4577.15 (660fc11082ba57405eca2e8c49c3e1af756fbfae-refs/branch-heads/4577@{#203}) on port 45271
Only local connections are allowed.
Please see https://chromedriver.chromium.org/security-considerations for suggestions on keeping ChromeDriver safe.
ChromeDriver was started successfully.
[1633404286.213][WARNING]: This version of ChromeDriver has not been tested with Chrome version 94.
Oct 04, 2021 9:24:46 PM org.openqa.selenium.remote.ProtocolHandshake createSession
INFO: Detected dialect: W3C
]]></system-err>
  </testcase>
</testsuite>