<?xml version="1.0" encoding="UTF-8"?>
<testng-results skipped="0" failed="1" ignored="0" total="10" passed="9">
  <reporter-output>
  </reporter-output>
  <suite name="Rediff Apllication suite" duration-ms="157727" started-at="2021-11-24T23:14:54Z" finished-at="2021-11-24T23:17:32Z">
    <groups>
    </groups>
    <test name="Reddiff ap[lication test cases" duration-ms="157727" started-at="2021-11-24T23:14:54Z" finished-at="2021-11-24T23:17:32Z">
      <class name="com.wbl.testcases.LoginPageTest">
        <test-method status="PASS" signature="setUp()[pri:0, instance:com.wbl.testcases.LoginPageTest@6c4980d3]" name="setUp" is-config="true" duration-ms="3469" started-at="2021-11-24T23:15:08Z" finished-at="2021-11-24T23:15:11Z">
          <reporter-output>
          </reporter-output>
        </test-method> <!-- setUp -->
        <test-method status="PASS" signature="loginPageTitleTest()[pri:0, instance:com.wbl.testcases.LoginPageTest@6c4980d3]" name="loginPageTitleTest" duration-ms="9" started-at="2021-11-24T23:15:11Z" finished-at="2021-11-24T23:15:11Z">
          <reporter-output>
          </reporter-output>
        </test-method> <!-- loginPageTitleTest -->
        <test-method status="PASS" signature="tearDown()[pri:0, instance:com.wbl.testcases.LoginPageTest@6c4980d3]" name="tearDown" is-config="true" duration-ms="680" started-at="2021-11-24T23:15:11Z" finished-at="2021-11-24T23:15:12Z">
          <reporter-output>
          </reporter-output>
        </test-method> <!-- tearDown -->
        <test-method status="PASS" signature="setUp()[pri:0, instance:com.wbl.testcases.LoginPageTest@6c4980d3]" name="setUp" is-config="true" duration-ms="3543" started-at="2021-11-24T23:16:37Z" finished-at="2021-11-24T23:16:41Z">
          <reporter-output>
          </reporter-output>
        </test-method> <!-- setUp -->
        <test-method status="PASS" signature="LoginTest()[pri:1, instance:com.wbl.testcases.LoginPageTest@6c4980d3]" name="LoginTest" duration-ms="9926" started-at="2021-11-24T23:16:41Z" finished-at="2021-11-24T23:16:51Z">
          <reporter-output>
          </reporter-output>
        </test-method> <!-- LoginTest -->
        <test-method status="PASS" signature="tearDown()[pri:0, instance:com.wbl.testcases.LoginPageTest@6c4980d3]" name="tearDown" is-config="true" duration-ms="709" started-at="2021-11-24T23:16:51Z" finished-at="2021-11-24T23:16:52Z">
          <reporter-output>
          </reporter-output>
        </test-method> <!-- tearDown -->
      </class> <!-- com.wbl.testcases.LoginPageTest -->
      <class name="com.wbl.testcases.HomePageTest">
        <test-method status="PASS" signature="setUp()[pri:0, instance:com.wbl.testcases.HomePageTest@65b104b9]" name="setUp" is-config="true" duration-ms="7758" started-at="2021-11-24T23:14:54Z" finished-at="2021-11-24T23:15:02Z">
          <reporter-output>
          </reporter-output>
        </test-method> <!-- setUp -->
        <test-method status="PASS" signature="validateHomePageTitleTest()[pri:0, instance:com.wbl.testcases.HomePageTest@65b104b9]" name="validateHomePageTitleTest" duration-ms="4875" started-at="2021-11-24T23:15:02Z" finished-at="2021-11-24T23:15:07Z">
          <reporter-output>
          </reporter-output>
        </test-method> <!-- validateHomePageTitleTest -->
        <test-method status="PASS" signature="tearDown()[pri:0, instance:com.wbl.testcases.HomePageTest@65b104b9]" name="tearDown" is-config="true" duration-ms="707" started-at="2021-11-24T23:15:07Z" finished-at="2021-11-24T23:15:08Z">
          <reporter-output>
          </reporter-output>
        </test-method> <!-- tearDown -->
        <test-method status="PASS" signature="setUp()[pri:0, instance:com.wbl.testcases.HomePageTest@65b104b9]" name="setUp" is-config="true" duration-ms="12393" started-at="2021-11-24T23:16:24Z" finished-at="2021-11-24T23:16:37Z">
          <reporter-output>
          </reporter-output>
        </test-method> <!-- setUp -->
        <test-method status="PASS" signature="validateUserNameTest()[pri:1, instance:com.wbl.testcases.HomePageTest@65b104b9]" name="validateUserNameTest" duration-ms="40" started-at="2021-11-24T23:16:37Z" finished-at="2021-11-24T23:16:37Z">
          <reporter-output>
          </reporter-output>
        </test-method> <!-- validateUserNameTest -->
        <test-method status="PASS" signature="tearDown()[pri:0, instance:com.wbl.testcases.HomePageTest@65b104b9]" name="tearDown" is-config="true" duration-ms="695" started-at="2021-11-24T23:16:37Z" finished-at="2021-11-24T23:16:37Z">
          <reporter-output>
          </reporter-output>
        </test-method> <!-- tearDown -->
        <test-method status="PASS" signature="setUp()[pri:0, instance:com.wbl.testcases.HomePageTest@65b104b9]" name="setUp" is-config="true" duration-ms="6244" started-at="2021-11-24T23:17:17Z" finished-at="2021-11-24T23:17:24Z">
          <reporter-output>
          </reporter-output>
        </test-method> <!-- setUp -->
        <test-method status="PASS" signature="clickOnContanctsTest()[pri:2, instance:com.wbl.testcases.HomePageTest@65b104b9]" name="clickOnContanctsTest" duration-ms="7553" started-at="2021-11-24T23:17:24Z" finished-at="2021-11-24T23:17:31Z">
          <reporter-output>
          </reporter-output>
        </test-method> <!-- clickOnContanctsTest -->
        <test-method status="PASS" signature="tearDown()[pri:0, instance:com.wbl.testcases.HomePageTest@65b104b9]" name="tearDown" is-config="true" duration-ms="828" started-at="2021-11-24T23:17:31Z" finished-at="2021-11-24T23:17:32Z">
          <reporter-output>
          </reporter-output>
        </test-method> <!-- tearDown -->
      </class> <!-- com.wbl.testcases.HomePageTest -->
      <class name="com.wbl.testcases.ContactspageTest">
        <test-method status="PASS" signature="setUp()[pri:0, instance:com.wbl.testcases.ContactspageTest@327bcebd]" name="setUp" is-config="true" duration-ms="13570" started-at="2021-11-24T23:15:13Z" finished-at="2021-11-24T23:15:26Z">
          <reporter-output>
          </reporter-output>
        </test-method> <!-- setUp -->
        <test-method status="PASS" signature="createnewContactTest(java.lang.String, java.lang.String, java.lang.String, java.lang.String)[pri:0, instance:com.wbl.testcases.ContactspageTest@327bcebd]" name="createnewContactTest" duration-ms="2490" started-at="2021-11-24T23:15:26Z" data-provider="getTestDataExcel" finished-at="2021-11-24T23:15:29Z">
          <params>
            <param index="0">
              <value>
                <![CDATA[Sheryl tom]]>
              </value>
            </param>
            <param index="1">
              <value>
                <![CDATA[sheryl98@gmail.com]]>
              </value>
            </param>
            <param index="2">
              <value>
                <![CDATA[CU]]>
              </value>
            </param>
            <param index="3">
              <value>
                <![CDATA[personal]]>
              </value>
            </param>
          </params>
          <reporter-output>
          </reporter-output>
        </test-method> <!-- createnewContactTest -->
        <test-method status="PASS" signature="tearDown()[pri:0, instance:com.wbl.testcases.ContactspageTest@327bcebd]" name="tearDown" is-config="true" duration-ms="774" started-at="2021-11-24T23:15:29Z" finished-at="2021-11-24T23:15:30Z">
          <reporter-output>
          </reporter-output>
        </test-method> <!-- tearDown -->
        <test-method status="PASS" signature="setUp()[pri:0, instance:com.wbl.testcases.ContactspageTest@327bcebd]" name="setUp" is-config="true" duration-ms="15279" started-at="2021-11-24T23:15:30Z" finished-at="2021-11-24T23:15:45Z">
          <reporter-output>
          </reporter-output>
        </test-method> <!-- setUp -->
        <test-method status="PASS" signature="createnewContactTest(java.lang.String, java.lang.String, java.lang.String, java.lang.String)[pri:0, instance:com.wbl.testcases.ContactspageTest@327bcebd]" name="createnewContactTest" duration-ms="1275" started-at="2021-11-24T23:15:45Z" data-provider="getTestDataExcel" finished-at="2021-11-24T23:15:46Z">
          <params>
            <param index="0">
              <value>
                <![CDATA[fathima mumthaz]]>
              </value>
            </param>
            <param index="1">
              <value>
                <![CDATA[fathimahacker@gmail.com]]>
              </value>
            </param>
            <param index="2">
              <value>
                <![CDATA[Amazon]]>
              </value>
            </param>
            <param index="3">
              <value>
                <![CDATA[office]]>
              </value>
            </param>
          </params>
          <reporter-output>
          </reporter-output>
        </test-method> <!-- createnewContactTest -->
        <test-method status="PASS" signature="tearDown()[pri:0, instance:com.wbl.testcases.ContactspageTest@327bcebd]" name="tearDown" is-config="true" duration-ms="1141" started-at="2021-11-24T23:15:46Z" finished-at="2021-11-24T23:15:47Z">
          <reporter-output>
          </reporter-output>
        </test-method> <!-- tearDown -->
        <test-method status="PASS" signature="setUp()[pri:0, instance:com.wbl.testcases.ContactspageTest@327bcebd]" name="setUp" is-config="true" duration-ms="17884" started-at="2021-11-24T23:15:47Z" finished-at="2021-11-24T23:16:05Z">
          <reporter-output>
          </reporter-output>
        </test-method> <!-- setUp -->
        <test-method status="PASS" signature="createnewContactTest(java.lang.String, java.lang.String, java.lang.String, java.lang.String)[pri:0, instance:com.wbl.testcases.ContactspageTest@327bcebd]" name="createnewContactTest" duration-ms="1252" started-at="2021-11-24T23:16:05Z" data-provider="getTestDataExcel" finished-at="2021-11-24T23:16:06Z">
          <params>
            <param index="0">
              <value>
                <![CDATA[sarayu kumari]]>
              </value>
            </param>
            <param index="1">
              <value>
                <![CDATA[kumarisarayu@gmail.com]]>
              </value>
            </param>
            <param index="2">
              <value>
                <![CDATA[IBM]]>
              </value>
            </param>
            <param index="3">
              <value>
                <![CDATA[school]]>
              </value>
            </param>
          </params>
          <reporter-output>
          </reporter-output>
        </test-method> <!-- createnewContactTest -->
        <test-method status="PASS" signature="tearDown()[pri:0, instance:com.wbl.testcases.ContactspageTest@327bcebd]" name="tearDown" is-config="true" duration-ms="1156" started-at="2021-11-24T23:16:06Z" finished-at="2021-11-24T23:16:08Z">
          <reporter-output>
          </reporter-output>
        </test-method> <!-- tearDown -->
        <test-method status="PASS" signature="setUp()[pri:0, instance:com.wbl.testcases.ContactspageTest@327bcebd]" name="setUp" is-config="true" duration-ms="14789" started-at="2021-11-24T23:16:08Z" finished-at="2021-11-24T23:16:22Z">
          <reporter-output>
          </reporter-output>
        </test-method> <!-- setUp -->
        <test-method status="PASS" signature="createnewContactTest(java.lang.String, java.lang.String, java.lang.String, java.lang.String)[pri:0, instance:com.wbl.testcases.ContactspageTest@327bcebd]" name="createnewContactTest" duration-ms="1245" started-at="2021-11-24T23:16:22Z" data-provider="getTestDataExcel" finished-at="2021-11-24T23:16:24Z">
          <params>
            <param index="0">
              <value>
                <![CDATA[pallavi singh]]>
              </value>
            </param>
            <param index="1">
              <value>
                <![CDATA[pallavisingh@gmail.com]]>
              </value>
            </param>
            <param index="2">
              <value>
                <![CDATA[TCS]]>
              </value>
            </param>
            <param index="3">
              <value>
                <![CDATA[office]]>
              </value>
            </param>
          </params>
          <reporter-output>
          </reporter-output>
        </test-method> <!-- createnewContactTest -->
        <test-method status="PASS" signature="tearDown()[pri:0, instance:com.wbl.testcases.ContactspageTest@327bcebd]" name="tearDown" is-config="true" duration-ms="779" started-at="2021-11-24T23:16:24Z" finished-at="2021-11-24T23:16:24Z">
          <reporter-output>
          </reporter-output>
        </test-method> <!-- tearDown -->
        <test-method status="PASS" signature="setUp()[pri:0, instance:com.wbl.testcases.ContactspageTest@327bcebd]" name="setUp" is-config="true" duration-ms="13441" started-at="2021-11-24T23:16:52Z" finished-at="2021-11-24T23:17:05Z">
          <reporter-output>
          </reporter-output>
        </test-method> <!-- setUp -->
        <test-method status="FAIL" signature="selectContactTest()[pri:1, instance:com.wbl.testcases.ContactspageTest@327bcebd]" name="selectContactTest" duration-ms="10808" started-at="2021-11-24T23:17:05Z" finished-at="2021-11-24T23:17:16Z">
          <exception class="org.openqa.selenium.NoSuchElementException">
            <message>
              <![CDATA[no such element: Unable to locate element: {"method":"xpath","selector":"//a[text()='padm']/parent::span/parent::li/cite"}
  (Session info: chrome=96.0.4664.45)
For documentation on this error, please visit: https://www.seleniumhq.org/exceptions/no_such_element.html
Build info: version: '3.141.59', revision: 'e82be7d358', time: '2018-11-14T08:17:03'
System info: host: 'LAPTOP-LNB1H88U', ip: '192.168.1.7', os.name: 'Windows 10', os.arch: 'amd64', os.version: '10.0', java.version: '1.8.0_261'
Driver info: org.openqa.selenium.chrome.ChromeDriver
Capabilities {acceptInsecureCerts: false, browserName: chrome, browserVersion: 96.0.4664.45, chrome: {chromedriverVersion: 95.0.4638.17 (a9d0719444d4b..., userDataDir: C:\Users\sivaj\AppData\Loca...}, goog:chromeOptions: {debuggerAddress: localhost:58684}, javascriptEnabled: true, networkConnectionEnabled: false, pageLoadStrategy: normal, platform: WINDOWS, platformName: WINDOWS, proxy: Proxy(), setWindowRect: true, strictFileInteractability: false, timeouts: {implicit: 0, pageLoad: 300000, script: 30000}, unhandledPromptBehavior: dismiss and notify, webauthn:extension:credBlob: true, webauthn:extension:largeBlob: true, webauthn:virtualAuthenticators: true}
Session ID: 198360bc39e647a7a2374e6dcc9ee871
*** Element info: {Using=xpath, value=//a[text()='padm']/parent::span/parent::li/cite}]]>
            </message>
            <full-stacktrace>
              <![CDATA[org.openqa.selenium.NoSuchElementException: no such element: Unable to locate element: {"method":"xpath","selector":"//a[text()='padm']/parent::span/parent::li/cite"}
  (Session info: chrome=96.0.4664.45)
For documentation on this error, please visit: https://www.seleniumhq.org/exceptions/no_such_element.html
Build info: version: '3.141.59', revision: 'e82be7d358', time: '2018-11-14T08:17:03'
System info: host: 'LAPTOP-LNB1H88U', ip: '192.168.1.7', os.name: 'Windows 10', os.arch: 'amd64', os.version: '10.0', java.version: '1.8.0_261'
Driver info: org.openqa.selenium.chrome.ChromeDriver
Capabilities {acceptInsecureCerts: false, browserName: chrome, browserVersion: 96.0.4664.45, chrome: {chromedriverVersion: 95.0.4638.17 (a9d0719444d4b..., userDataDir: C:\Users\sivaj\AppData\Loca...}, goog:chromeOptions: {debuggerAddress: localhost:58684}, javascriptEnabled: true, networkConnectionEnabled: false, pageLoadStrategy: normal, platform: WINDOWS, platformName: WINDOWS, proxy: Proxy(), setWindowRect: true, strictFileInteractability: false, timeouts: {implicit: 0, pageLoad: 300000, script: 30000}, unhandledPromptBehavior: dismiss and notify, webauthn:extension:credBlob: true, webauthn:extension:largeBlob: true, webauthn:virtualAuthenticators: true}
Session ID: 198360bc39e647a7a2374e6dcc9ee871
*** Element info: {Using=xpath, value=//a[text()='padm']/parent::span/parent::li/cite}
at sun.reflect.NativeConstructorAccessorImpl.newInstance0(Native Method)
at sun.reflect.NativeConstructorAccessorImpl.newInstance(NativeConstructorAccessorImpl.java:62)
at sun.reflect.DelegatingConstructorAccessorImpl.newInstance(DelegatingConstructorAccessorImpl.java:45)
at java.lang.reflect.Constructor.newInstance(Constructor.java:423)
at org.openqa.selenium.remote.http.W3CHttpResponseCodec.createException(W3CHttpResponseCodec.java:187)
at org.openqa.selenium.remote.http.W3CHttpResponseCodec.decode(W3CHttpResponseCodec.java:122)
at org.openqa.selenium.remote.http.W3CHttpResponseCodec.decode(W3CHttpResponseCodec.java:49)
at org.openqa.selenium.remote.HttpCommandExecutor.execute(HttpCommandExecutor.java:158)
at org.openqa.selenium.remote.service.DriverCommandExecutor.execute(DriverCommandExecutor.java:83)
at org.openqa.selenium.remote.RemoteWebDriver.execute(RemoteWebDriver.java:552)
at org.openqa.selenium.remote.RemoteWebDriver.findElement(RemoteWebDriver.java:323)
at org.openqa.selenium.remote.RemoteWebDriver.findElementByXPath(RemoteWebDriver.java:428)
at org.openqa.selenium.By$ByXPath.findElement(By.java:353)
at org.openqa.selenium.remote.RemoteWebDriver.findElement(RemoteWebDriver.java:315)
at sun.reflect.GeneratedMethodAccessor2.invoke(Unknown Source)
at sun.reflect.DelegatingMethodAccessorImpl.invoke(DelegatingMethodAccessorImpl.java:43)
at java.lang.reflect.Method.invoke(Method.java:498)
at org.openqa.selenium.support.events.EventFiringWebDriver.lambda$new$1(EventFiringWebDriver.java:105)
at com.sun.proxy.$Proxy25.findElement(Unknown Source)
at org.openqa.selenium.support.events.EventFiringWebDriver.findElement(EventFiringWebDriver.java:194)
at com.wbl.pages.ContactsPage.selectContact(ContactsPage.java:84)
at com.wbl.testcases.ContactspageTest.selectContactTest(ContactspageTest.java:91)
at sun.reflect.NativeMethodAccessorImpl.invoke0(Native Method)
at sun.reflect.NativeMethodAccessorImpl.invoke(NativeMethodAccessorImpl.java:62)
at sun.reflect.DelegatingMethodAccessorImpl.invoke(DelegatingMethodAccessorImpl.java:43)
at java.lang.reflect.Method.invoke(Method.java:498)
at org.testng.internal.MethodInvocationHelper.invokeMethod(MethodInvocationHelper.java:124)
at org.testng.internal.Invoker.invokeMethod(Invoker.java:583)
at org.testng.internal.Invoker.invokeTestMethod(Invoker.java:719)
at org.testng.internal.Invoker.invokeTestMethods(Invoker.java:989)
at org.testng.internal.TestMethodWorker.invokeTestMethods(TestMethodWorker.java:125)
at org.testng.internal.TestMethodWorker.run(TestMethodWorker.java:109)
at org.testng.TestRunner.privateRun(TestRunner.java:648)
at org.testng.TestRunner.run(TestRunner.java:505)
at org.testng.SuiteRunner.runTest(SuiteRunner.java:455)
at org.testng.SuiteRunner.runSequentially(SuiteRunner.java:450)
at org.testng.SuiteRunner.privateRun(SuiteRunner.java:415)
at org.testng.SuiteRunner.run(SuiteRunner.java:364)
at org.testng.SuiteRunnerWorker.runSuite(SuiteRunnerWorker.java:52)
at org.testng.SuiteRunnerWorker.run(SuiteRunnerWorker.java:84)
at org.testng.TestNG.runSuitesSequentially(TestNG.java:1208)
at org.testng.TestNG.runSuitesLocally(TestNG.java:1137)
at org.testng.TestNG.runSuites(TestNG.java:1049)
at org.testng.TestNG.run(TestNG.java:1017)
at org.apache.maven.surefire.testng.TestNGExecutor.run(TestNGExecutor.java:284)
at org.apache.maven.surefire.testng.TestNGXmlTestSuite.execute(TestNGXmlTestSuite.java:75)
at org.apache.maven.surefire.testng.TestNGProvider.invoke(TestNGProvider.java:119)
at org.apache.maven.surefire.booter.ForkedBooter.runSuitesInProcess(ForkedBooter.java:428)
at org.apache.maven.surefire.booter.ForkedBooter.execute(ForkedBooter.java:162)
at org.apache.maven.surefire.booter.ForkedBooter.run(ForkedBooter.java:562)
at org.apache.maven.surefire.booter.ForkedBooter.main(ForkedBooter.java:548)
]]>
            </full-stacktrace>
          </exception> <!-- org.openqa.selenium.NoSuchElementException -->
          <reporter-output>
          </reporter-output>
        </test-method> <!-- selectContactTest -->
        <test-method status="PASS" signature="tearDown()[pri:0, instance:com.wbl.testcases.ContactspageTest@327bcebd]" name="tearDown" is-config="true" duration-ms="747" started-at="2021-11-24T23:17:17Z" finished-at="2021-11-24T23:17:17Z">
          <reporter-output>
          </reporter-output>
        </test-method> <!-- tearDown -->
      </class> <!-- com.wbl.testcases.ContactspageTest -->
    </test> <!-- Reddiff ap[lication test cases -->
  </suite> <!-- Rediff Apllication suite -->
</testng-results>
