<?xml version="1.0" encoding="UTF-8"?>
<testsuite xmlns:xsi="http://www.w3.org/2001/XMLSchema-instance" xsi:noNamespaceSchemaLocation="https://maven.apache.org/surefire/maven-surefire-plugin/xsd/surefire-test-report-3.0.xsd" version="3.0" name="TestSuite" time="161.143" tests="10" errors="0" skipped="0" failures="1">
  <properties>
[...]
</properties>
  <testcase name="validateHomePageTitleTest" classname="com.wbl.testcases.HomePageTest" time="4.717">
    <system-out><![CDATA[[TestNGContentHandler] [WARN] It is strongly recommended to add "<!DOCTYPE suite SYSTEM "http://testng.org/testng-1.0.dtd" >" at the top of your file, otherwise TestNG may fail or not work as expected.
before navigating to:https://www.rediff.com/
naviagte to: https://www.rediff.com/
web element found by : By.xpath: //a[text()='Sign in']
after clicked on element[[ChromeDriver: chrome on WINDOWS (21f8fb0954f2b73a111bdc896dedf55a)] -> xpath: //a[text()='Sign in']]
web element found by : By.xpath: //input[@id='login1']
web element found by : By.xpath: //input[@id='password']
web element found by : By.xpath: //input[@name='proceed']
after clicked on element[[ChromeDriver: chrome on WINDOWS (21f8fb0954f2b73a111bdc896dedf55a)] -> xpath: //input[@name='proceed']]
]]></system-out>
    <system-err><![CDATA[Starting ChromeDriver 95.0.4638.17 (a9d0719444d4b035e284ed1fce73bf6ccd789df2-refs/branch-heads/4638@{#178}) on port 13414
Only local connections are allowed.
Please see https://chromedriver.chromium.org/security-considerations for suggestions on keeping ChromeDriver safe.
ChromeDriver was started successfully.
[1637795696.586][WARNING]: This version of ChromeDriver has not been tested with Chrome version 96.
Nov 24, 2021 4:14:56 PM org.openqa.selenium.remote.ProtocolHandshake createSession
INFO: Detected dialect: W3C
]]></system-err>
  </testcase>
  <testcase name="validateUserNameTest" classname="com.wbl.testcases.HomePageTest" time="0.009">
    <system-out><![CDATA[[INFO ] 2021-11-24 16:16:24,084 Listeners.onTestSuccess() - suceffuly passed testcase: createnewContactTestin method: createnewContactTest
before navigating to:https://www.rediff.com/
naviagte to: https://www.rediff.com/
web element found by : By.xpath: //a[text()='Sign in']
after clicked on element[[ChromeDriver: chrome on WINDOWS (45133e7186067b4bfbc57596720d913b)] -> xpath: //a[text()='Sign in']]
web element found by : By.xpath: //input[@id='login1']
web element found by : By.xpath: //input[@id='password']
web element found by : By.xpath: //input[@name='proceed']
after clicked on element[[ChromeDriver: chrome on WINDOWS (45133e7186067b4bfbc57596720d913b)] -> xpath: //input[@name='proceed']]
web element found by : By.xpath: //a[text()='bhavana rayabandi']
]]></system-out>
    <system-err><![CDATA[Starting ChromeDriver 95.0.4638.17 (a9d0719444d4b035e284ed1fce73bf6ccd789df2-refs/branch-heads/4638@{#178}) on port 9826
Only local connections are allowed.
Please see https://chromedriver.chromium.org/security-considerations for suggestions on keeping ChromeDriver safe.
ChromeDriver was started successfully.
[1637795785.929][WARNING]: This version of ChromeDriver has not been tested with Chrome version 96.
Nov 24, 2021 4:16:26 PM org.openqa.selenium.remote.ProtocolHandshake createSession
INFO: Detected dialect: W3C
]]></system-err>
  </testcase>
  <testcase name="clickOnContanctsTest" classname="com.wbl.testcases.HomePageTest" time="7.607">
    <system-out><![CDATA[failed the execution
test case failed at :selectContactTest
[ERROR] 2021-11-24 16:17:17,155 Listeners.onTestFailure() -  failed testcase: selectContactTest
before navigating to:https://www.rediff.com/
naviagte to: https://www.rediff.com/
web element found by : By.xpath: //a[text()='Sign in']
after clicked on element[[ChromeDriver: chrome on WINDOWS (2bad399b1f931db3995fb20109f86982)] -> xpath: //a[text()='Sign in']]
web element found by : By.xpath: //input[@id='login1']
web element found by : By.xpath: //input[@id='password']
web element found by : By.xpath: //input[@name='proceed']
after clicked on element[[ChromeDriver: chrome on WINDOWS (2bad399b1f931db3995fb20109f86982)] -> xpath: //input[@name='proceed']]
web element found by : By.xpath: //div[@class='rd_wid2']/h4
after clicked on element[[ChromeDriver: chrome on WINDOWS (2bad399b1f931db3995fb20109f86982)] -> xpath: //div[@class='rd_wid2']/h4]
]]></system-out>
    <system-err><![CDATA[Starting ChromeDriver 95.0.4638.17 (a9d0719444d4b035e284ed1fce73bf6ccd789df2-refs/branch-heads/4638@{#178}) on port 41756
Only local connections are allowed.
Please see https://chromedriver.chromium.org/security-considerations for suggestions on keeping ChromeDriver safe.
ChromeDriver was started successfully.
[1637795839.050][WARNING]: This version of ChromeDriver has not been tested with Chrome version 96.
Nov 24, 2021 4:17:19 PM org.openqa.selenium.remote.ProtocolHandshake createSession
INFO: Detected dialect: W3C
]]></system-err>
  </testcase>
  <testcase name="loginPageTitleTest" classname="com.wbl.testcases.LoginPageTest" time="0.012">
    <system-out><![CDATA[[INFO ] 2021-11-24 16:15:07,486 Listeners.onTestSuccess() - suceffuly passed testcase: validateHomePageTitleTestin method: validateHomePageTitleTest
before navigating to:https://www.rediff.com/
naviagte to: https://www.rediff.com/
[INFO ] 2021-11-24 16:15:11,680 LoginPageTest.setUp() - driver invoked and launched browser succefully
Rediff.com: News | Rediffmail | Stock Quotes | Shopping
[INFO ] 2021-11-24 16:15:11,690 LoginPageTest.loginPageTitleTest() - sucessfully validated the title
]]></system-out>
    <system-err><![CDATA[Starting ChromeDriver 95.0.4638.17 (a9d0719444d4b035e284ed1fce73bf6ccd789df2-refs/branch-heads/4638@{#178}) on port 19348
Only local connections are allowed.
Please see https://chromedriver.chromium.org/security-considerations for suggestions on keeping ChromeDriver safe.
ChromeDriver was started successfully.
[1637795709.433][WARNING]: This version of ChromeDriver has not been tested with Chrome version 96.
Nov 24, 2021 4:15:09 PM org.openqa.selenium.remote.ProtocolHandshake createSession
INFO: Detected dialect: W3C
]]></system-err>
  </testcase>
  <testcase name="LoginTest" classname="com.wbl.testcases.LoginPageTest" time="9.951">
    <system-out><![CDATA[[INFO ] 2021-11-24 16:16:37,298 Listeners.onTestSuccess() - suceffuly passed testcase: validateUserNameTestin method: validateUserNameTest
before navigating to:https://www.rediff.com/
naviagte to: https://www.rediff.com/
[INFO ] 2021-11-24 16:16:41,538 LoginPageTest.setUp() - driver invoked and launched browser succefully
web element found by : By.xpath: //a[text()='Sign in']
after clicked on element[[ChromeDriver: chrome on WINDOWS (41a126e7f479e7be3cd1251e377d700b)] -> xpath: //a[text()='Sign in']]
web element found by : By.xpath: //input[@id='login1']
web element found by : By.xpath: //input[@id='password']
web element found by : By.xpath: //input[@name='proceed']
after clicked on element[[ChromeDriver: chrome on WINDOWS (41a126e7f479e7be3cd1251e377d700b)] -> xpath: //input[@name='proceed']]
]]></system-out>
    <system-err><![CDATA[Starting ChromeDriver 95.0.4638.17 (a9d0719444d4b035e284ed1fce73bf6ccd789df2-refs/branch-heads/4638@{#178}) on port 47681
Only local connections are allowed.
Please see https://chromedriver.chromium.org/security-considerations for suggestions on keeping ChromeDriver safe.
ChromeDriver was started successfully.
[1637795799.222][WARNING]: This version of ChromeDriver has not been tested with Chrome version 96.
Nov 24, 2021 4:16:39 PM org.openqa.selenium.remote.ProtocolHandshake createSession
INFO: Detected dialect: W3C
]]></system-err>
  </testcase>
  <testcase name="createnewContactTest[Sheryl tom, sheryl98@gmail.com, CU, personal](1)" classname="com.wbl.testcases.ContactspageTest" time="2.531">
    <system-out><![CDATA[[INFO ] 2021-11-24 16:15:11,691 Listeners.onTestSuccess() - suceffuly passed testcase: loginPageTitleTestin method: loginPageTitleTest
before navigating to:https://www.rediff.com/
naviagte to: https://www.rediff.com/
web element found by : By.xpath: //a[text()='Sign in']
after clicked on element[[ChromeDriver: chrome on WINDOWS (0d3a4b84e3503562e12be013755dcc7d)] -> xpath: //a[text()='Sign in']]
web element found by : By.xpath: //input[@id='login1']
web element found by : By.xpath: //input[@id='password']
web element found by : By.xpath: //input[@name='proceed']
after clicked on element[[ChromeDriver: chrome on WINDOWS (0d3a4b84e3503562e12be013755dcc7d)] -> xpath: //input[@name='proceed']]
bhavana.rayabandi
web element found by : By.xpath: //div[@class='rd_wid2']/h4
after clicked on element[[ChromeDriver: chrome on WINDOWS (0d3a4b84e3503562e12be013755dcc7d)] -> xpath: //div[@class='rd_wid2']/h4]
web element found by : By.xpath: //div[@id='rdAddContactHandle']
after clicked on element[[ChromeDriver: chrome on WINDOWS (0d3a4b84e3503562e12be013755dcc7d)] -> xpath: //div[@id='rdAddContactHandle']]
web element found by : By.xpath: //input[@id='contact_full_name']
web element found by : By.xpath: //input[@id='contact_email']
web element found by : By.xpath: //input[@id='contact_company_name']
web element found by : By.xpath: //select[@id='contact_ind_group_list']
web element found by : By.xpath: //select[@id='contact_ind_group_list']
web element found by : By.xpath: //select[@id='contact_ind_group_list']
web element found by : By.xpath: .//option[@value = "personal"]
after clicked on element[[[[ChromeDriver: chrome on WINDOWS (0d3a4b84e3503562e12be013755dcc7d)] -> xpath: //select[@id='contact_ind_group_list']]] -> xpath: .//option[@value = "personal"]]
web element found by : By.xpath: //div[@id='save_contact']
after clicked on element[[ChromeDriver: chrome on WINDOWS (0d3a4b84e3503562e12be013755dcc7d)] -> xpath: //div[@id='save_contact']]
]]></system-out>
    <system-err><![CDATA[Starting ChromeDriver 95.0.4638.17 (a9d0719444d4b035e284ed1fce73bf6ccd789df2-refs/branch-heads/4638@{#178}) on port 32207
Only local connections are allowed.
Please see https://chromedriver.chromium.org/security-considerations for suggestions on keeping ChromeDriver safe.
ChromeDriver was started successfully.
[1637795714.271][WARNING]: This version of ChromeDriver has not been tested with Chrome version 96.
Nov 24, 2021 4:15:14 PM org.openqa.selenium.remote.ProtocolHandshake createSession
INFO: Detected dialect: W3C
]]></system-err>
  </testcase>
  <testcase name="createnewContactTest[fathima mumthaz, fathimahacker@gmail.com, Amazon, office](2)" classname="com.wbl.testcases.ContactspageTest" time="1.256">
    <system-out><![CDATA[[INFO ] 2021-11-24 16:15:29,280 Listeners.onTestSuccess() - suceffuly passed testcase: createnewContactTestin method: createnewContactTest
before navigating to:https://www.rediff.com/
naviagte to: https://www.rediff.com/
web element found by : By.xpath: //a[text()='Sign in']
after clicked on element[[ChromeDriver: chrome on WINDOWS (6eae1a004dbfae39b84e433428bea986)] -> xpath: //a[text()='Sign in']]
web element found by : By.xpath: //input[@id='login1']
web element found by : By.xpath: //input[@id='password']
web element found by : By.xpath: //input[@name='proceed']
after clicked on element[[ChromeDriver: chrome on WINDOWS (6eae1a004dbfae39b84e433428bea986)] -> xpath: //input[@name='proceed']]
bhavana.rayabandi
web element found by : By.xpath: //div[@class='rd_wid2']/h4
after clicked on element[[ChromeDriver: chrome on WINDOWS (6eae1a004dbfae39b84e433428bea986)] -> xpath: //div[@class='rd_wid2']/h4]
web element found by : By.xpath: //div[@id='rdAddContactHandle']
after clicked on element[[ChromeDriver: chrome on WINDOWS (6eae1a004dbfae39b84e433428bea986)] -> xpath: //div[@id='rdAddContactHandle']]
web element found by : By.xpath: //input[@id='contact_full_name']
web element found by : By.xpath: //input[@id='contact_email']
web element found by : By.xpath: //input[@id='contact_company_name']
web element found by : By.xpath: //select[@id='contact_ind_group_list']
web element found by : By.xpath: //select[@id='contact_ind_group_list']
web element found by : By.xpath: //select[@id='contact_ind_group_list']
web element found by : By.xpath: .//option[@value = "office"]
after clicked on element[[[[ChromeDriver: chrome on WINDOWS (6eae1a004dbfae39b84e433428bea986)] -> xpath: //select[@id='contact_ind_group_list']]] -> xpath: .//option[@value = "office"]]
web element found by : By.xpath: //div[@id='save_contact']
after clicked on element[[ChromeDriver: chrome on WINDOWS (6eae1a004dbfae39b84e433428bea986)] -> xpath: //div[@id='save_contact']]
]]></system-out>
    <system-err><![CDATA[Starting ChromeDriver 95.0.4638.17 (a9d0719444d4b035e284ed1fce73bf6ccd789df2-refs/branch-heads/4638@{#178}) on port 31556
Only local connections are allowed.
Please see https://chromedriver.chromium.org/security-considerations for suggestions on keeping ChromeDriver safe.
ChromeDriver was started successfully.
[1637795731.167][WARNING]: This version of ChromeDriver has not been tested with Chrome version 96.
Nov 24, 2021 4:15:31 PM org.openqa.selenium.remote.ProtocolHandshake createSession
INFO: Detected dialect: W3C
]]></system-err>
  </testcase>
  <testcase name="createnewContactTest[sarayu kumari, kumarisarayu@gmail.com, IBM, school](3)" classname="com.wbl.testcases.ContactspageTest" time="1.285">
    <system-out><![CDATA[[INFO ] 2021-11-24 16:15:46,611 Listeners.onTestSuccess() - suceffuly passed testcase: createnewContactTestin method: createnewContactTest
before navigating to:https://www.rediff.com/
naviagte to: https://www.rediff.com/
web element found by : By.xpath: //a[text()='Sign in']
after clicked on element[[ChromeDriver: chrome on WINDOWS (3a2941fff682d9fa28d8ed4000fea8f7)] -> xpath: //a[text()='Sign in']]
web element found by : By.xpath: //input[@id='login1']
web element found by : By.xpath: //input[@id='password']
web element found by : By.xpath: //input[@name='proceed']
after clicked on element[[ChromeDriver: chrome on WINDOWS (3a2941fff682d9fa28d8ed4000fea8f7)] -> xpath: //input[@name='proceed']]
bhavana.rayabandi
web element found by : By.xpath: //div[@class='rd_wid2']/h4
after clicked on element[[ChromeDriver: chrome on WINDOWS (3a2941fff682d9fa28d8ed4000fea8f7)] -> xpath: //div[@class='rd_wid2']/h4]
web element found by : By.xpath: //div[@id='rdAddContactHandle']
after clicked on element[[ChromeDriver: chrome on WINDOWS (3a2941fff682d9fa28d8ed4000fea8f7)] -> xpath: //div[@id='rdAddContactHandle']]
web element found by : By.xpath: //input[@id='contact_full_name']
web element found by : By.xpath: //input[@id='contact_email']
web element found by : By.xpath: //input[@id='contact_company_name']
web element found by : By.xpath: //select[@id='contact_ind_group_list']
web element found by : By.xpath: //select[@id='contact_ind_group_list']
web element found by : By.xpath: //select[@id='contact_ind_group_list']
web element found by : By.xpath: .//option[@value = "school"]
after clicked on element[[[[ChromeDriver: chrome on WINDOWS (3a2941fff682d9fa28d8ed4000fea8f7)] -> xpath: //select[@id='contact_ind_group_list']]] -> xpath: .//option[@value = "school"]]
web element found by : By.xpath: //div[@id='save_contact']
after clicked on element[[ChromeDriver: chrome on WINDOWS (3a2941fff682d9fa28d8ed4000fea8f7)] -> xpath: //div[@id='save_contact']]
]]></system-out>
    <system-err><![CDATA[Starting ChromeDriver 95.0.4638.17 (a9d0719444d4b035e284ed1fce73bf6ccd789df2-refs/branch-heads/4638@{#178}) on port 22303
Only local connections are allowed.
Please see https://chromedriver.chromium.org/security-considerations for suggestions on keeping ChromeDriver safe.
ChromeDriver was started successfully.
[1637795748.930][WARNING]: This version of ChromeDriver has not been tested with Chrome version 96.
Nov 24, 2021 4:15:49 PM org.openqa.selenium.remote.ProtocolHandshake createSession
INFO: Detected dialect: W3C
]]></system-err>
  </testcase>
  <testcase name="createnewContactTest[pallavi singh, pallavisingh@gmail.com, TCS, office](4)" classname="com.wbl.testcases.ContactspageTest" time="1.336">
    <system-out><![CDATA[[INFO ] 2021-11-24 16:16:06,891 Listeners.onTestSuccess() - suceffuly passed testcase: createnewContactTestin method: createnewContactTest
before navigating to:https://www.rediff.com/
naviagte to: https://www.rediff.com/
web element found by : By.xpath: //a[text()='Sign in']
after clicked on element[[ChromeDriver: chrome on WINDOWS (2de734a45187ee680409a75c41523653)] -> xpath: //a[text()='Sign in']]
web element found by : By.xpath: //input[@id='login1']
web element found by : By.xpath: //input[@id='password']
web element found by : By.xpath: //input[@name='proceed']
after clicked on element[[ChromeDriver: chrome on WINDOWS (2de734a45187ee680409a75c41523653)] -> xpath: //input[@name='proceed']]
bhavana.rayabandi
web element found by : By.xpath: //div[@class='rd_wid2']/h4
after clicked on element[[ChromeDriver: chrome on WINDOWS (2de734a45187ee680409a75c41523653)] -> xpath: //div[@class='rd_wid2']/h4]
web element found by : By.xpath: //div[@id='rdAddContactHandle']
after clicked on element[[ChromeDriver: chrome on WINDOWS (2de734a45187ee680409a75c41523653)] -> xpath: //div[@id='rdAddContactHandle']]
web element found by : By.xpath: //input[@id='contact_full_name']
web element found by : By.xpath: //input[@id='contact_email']
web element found by : By.xpath: //input[@id='contact_company_name']
web element found by : By.xpath: //select[@id='contact_ind_group_list']
web element found by : By.xpath: //select[@id='contact_ind_group_list']
web element found by : By.xpath: //select[@id='contact_ind_group_list']
web element found by : By.xpath: .//option[@value = "office"]
after clicked on element[[[[ChromeDriver: chrome on WINDOWS (2de734a45187ee680409a75c41523653)] -> xpath: //select[@id='contact_ind_group_list']]] -> xpath: .//option[@value = "office"]]
web element found by : By.xpath: //div[@id='save_contact']
after clicked on element[[ChromeDriver: chrome on WINDOWS (2de734a45187ee680409a75c41523653)] -> xpath: //div[@id='save_contact']]
]]></system-out>
    <system-err><![CDATA[Starting ChromeDriver 95.0.4638.17 (a9d0719444d4b035e284ed1fce73bf6ccd789df2-refs/branch-heads/4638@{#178}) on port 4287
Only local connections are allowed.
Please see https://chromedriver.chromium.org/security-considerations for suggestions on keeping ChromeDriver safe.
ChromeDriver was started successfully.
[1637795769.086][WARNING]: This version of ChromeDriver has not been tested with Chrome version 96.
Nov 24, 2021 4:16:09 PM org.openqa.selenium.remote.ProtocolHandshake createSession
INFO: Detected dialect: W3C
]]></system-err>
  </testcase>
  <testcase name="selectContactTest" classname="com.wbl.testcases.ContactspageTest" time="10.776">
    <failure message="no such element: Unable to locate element: {&quot;method&quot;:&quot;xpath&quot;,&quot;selector&quot;:&quot;//a[text()=&apos;padm&apos;]/parent::span/parent::li/cite&quot;}&#10;  (Session info: chrome=96.0.4664.45)&#10;For documentation on this error, please visit: https://www.seleniumhq.org/exceptions/no_such_element.html&#10;Build info: version: &apos;3.141.59&apos;, revision: &apos;e82be7d358&apos;, time: &apos;2018-11-14T08:17:03&apos;&#10;System info: host: &apos;LAPTOP-LNB1H88U&apos;, ip: &apos;192.168.1.7&apos;, os.name: &apos;Windows 10&apos;, os.arch: &apos;amd64&apos;, os.version: &apos;10.0&apos;, java.version: &apos;1.8.0_261&apos;&#10;Driver info: org.openqa.selenium.chrome.ChromeDriver&#10;Capabilities {acceptInsecureCerts: false, browserName: chrome, browserVersion: 96.0.4664.45, chrome: {chromedriverVersion: 95.0.4638.17 (a9d0719444d4b..., userDataDir: C:\Users\sivaj\AppData\Loca...}, goog:chromeOptions: {debuggerAddress: localhost:58684}, javascriptEnabled: true, networkConnectionEnabled: false, pageLoadStrategy: normal, platform: WINDOWS, platformName: WINDOWS, proxy: Proxy(), setWindowRect: true, strictFileInteractability: false, timeouts: {implicit: 0, pageLoad: 300000, script: 30000}, unhandledPromptBehavior: dismiss and notify, webauthn:extension:credBlob: true, webauthn:extension:largeBlob: true, webauthn:virtualAuthenticators: true}&#10;Session ID: 198360bc39e647a7a2374e6dcc9ee871&#10;*** Element info: {Using=xpath, value=//a[text()=&apos;padm&apos;]/parent::span/parent::li/cite}" type="org.openqa.selenium.NoSuchElementException"><![CDATA[org.openqa.selenium.NoSuchElementException: 
no such element: Unable to locate element: {"method":"xpath","selector":"//a[text()='padm']/parent::span/parent::li/cite"}
  (Session info: chrome=96.0.4664.45)
For documentation on this error, please visit: https://www.seleniumhq.org/exceptions/no_such_element.html
Build info: version: '3.141.59', revision: 'e82be7d358', time: '2018-11-14T08:17:03'
System info: host: 'LAPTOP-LNB1H88U', ip: '192.168.1.7', os.name: 'Windows 10', os.arch: 'amd64', os.version: '10.0', java.version: '1.8.0_261'
Driver info: org.openqa.selenium.chrome.ChromeDriver
Capabilities {acceptInsecureCerts: false, browserName: chrome, browserVersion: 96.0.4664.45, chrome: {chromedriverVersion: 95.0.4638.17 (a9d0719444d4b..., userDataDir: C:\Users\sivaj\AppData\Loca...}, goog:chromeOptions: {debuggerAddress: localhost:58684}, javascriptEnabled: true, networkConnectionEnabled: false, pageLoadStrategy: normal, platform: WINDOWS, platformName: WINDOWS, proxy: Proxy(), setWindowRect: true, strictFileInteractability: false, timeouts: {implicit: 0, pageLoad: 300000, script: 30000}, unhandledPromptBehavior: dismiss and notify, webauthn:extension:credBlob: true, webauthn:extension:largeBlob: true, webauthn:virtualAuthenticators: true}
Session ID: 198360bc39e647a7a2374e6dcc9ee871
*** Element info: {Using=xpath, value=//a[text()='padm']/parent::span/parent::li/cite}
	at com.wbl.testcases.ContactspageTest.selectContactTest(ContactspageTest.java:91)
]]></failure>
    <system-out><![CDATA[[INFO ] 2021-11-24 16:16:51,466 Listeners.onTestSuccess() - suceffuly passed testcase: LoginTestin method: LoginTest
before navigating to:https://www.rediff.com/
naviagte to: https://www.rediff.com/
web element found by : By.xpath: //a[text()='Sign in']
after clicked on element[[ChromeDriver: chrome on WINDOWS (198360bc39e647a7a2374e6dcc9ee871)] -> xpath: //a[text()='Sign in']]
web element found by : By.xpath: //input[@id='login1']
web element found by : By.xpath: //input[@id='password']
web element found by : By.xpath: //input[@name='proceed']
after clicked on element[[ChromeDriver: chrome on WINDOWS (198360bc39e647a7a2374e6dcc9ee871)] -> xpath: //input[@name='proceed']]
bhavana.rayabandi
web element found by : By.xpath: //div[@class='rd_wid2']/h4
after clicked on element[[ChromeDriver: chrome on WINDOWS (198360bc39e647a7a2374e6dcc9ee871)] -> xpath: //div[@class='rd_wid2']/h4]
Execption occuredorg.openqa.selenium.NoSuchElementException: no such element: Unable to locate element: {"method":"xpath","selector":"//a[text()='padm']/parent::span/parent::li/cite"}
  (Session info: chrome=96.0.4664.45)
For documentation on this error, please visit: https://www.seleniumhq.org/exceptions/no_such_element.html
Build info: version: '3.141.59', revision: 'e82be7d358', time: '2018-11-14T08:17:03'
System info: host: 'LAPTOP-LNB1H88U', ip: '192.168.1.7', os.name: 'Windows 10', os.arch: 'amd64', os.version: '10.0', java.version: '1.8.0_261'
Driver info: org.openqa.selenium.chrome.ChromeDriver
Capabilities {acceptInsecureCerts: false, browserName: chrome, browserVersion: 96.0.4664.45, chrome: {chromedriverVersion: 95.0.4638.17 (a9d0719444d4b..., userDataDir: C:\Users\sivaj\AppData\Loca...}, goog:chromeOptions: {debuggerAddress: localhost:58684}, javascriptEnabled: true, networkConnectionEnabled: false, pageLoadStrategy: normal, platform: WINDOWS, platformName: WINDOWS, proxy: Proxy(), setWindowRect: true, strictFileInteractability: false, timeouts: {implicit: 0, pageLoad: 300000, script: 30000}, unhandledPromptBehavior: dismiss and notify, webauthn:extension:credBlob: true, webauthn:extension:largeBlob: true, webauthn:virtualAuthenticators: true}
Session ID: 198360bc39e647a7a2374e6dcc9ee871
*** Element info: {Using=xpath, value=//a[text()='padm']/parent::span/parent::li/cite}
]]></system-out>
    <system-err><![CDATA[Starting ChromeDriver 95.0.4638.17 (a9d0719444d4b035e284ed1fce73bf6ccd789df2-refs/branch-heads/4638@{#178}) on port 7218
Only local connections are allowed.
Please see https://chromedriver.chromium.org/security-considerations for suggestions on keeping ChromeDriver safe.
ChromeDriver was started successfully.
[1637795813.308][WARNING]: This version of ChromeDriver has not been tested with Chrome version 96.
Nov 24, 2021 4:16:53 PM org.openqa.selenium.remote.ProtocolHandshake createSession
INFO: Detected dialect: W3C
]]></system-err>
  </testcase>
</testsuite>