<?xml version="1.0" encoding="UTF-8"?>
<testng-results skipped="0" failed="0" ignored="0" total="1" passed="1">
  <reporter-output>
  </reporter-output>
  <suite name="Rediff Apllication suite" duration-ms="26354" started-at="2021-10-27T05:48:46Z" finished-at="2021-10-27T05:49:13Z">
    <groups>
      <group name="cucumber">
        <method signature="AbstractTestNGCucumberTests.runScenario(io.cucumber.testng.PickleWrapper, io.cucumber.testng.FeatureWrapper)[pri:0, instance:cucumberoptions.TestRunner@31ff43be]" name="runScenario" class="io.cucumber.testng.AbstractTestNGCucumberTests"/>
      </group> <!-- cucumber -->
    </groups>
    <test name="Reddiff ap[lication test cases" duration-ms="26354" started-at="2021-10-27T05:48:46Z" finished-at="2021-10-27T05:49:13Z">
      <class name="cucumberoptions.TestRunner">
        <test-method status="PASS" signature="setUpClass()[pri:0, instance:cucumberoptions.TestRunner@31ff43be]" name="setUpClass" is-config="true" duration-ms="185" started-at="2021-10-27T05:48:46Z" finished-at="2021-10-27T05:48:47Z">
          <reporter-output>
          </reporter-output>
        </test-method> <!-- setUpClass -->
        <test-method status="PASS" signature="runScenario(io.cucumber.testng.PickleWrapper, io.cucumber.testng.FeatureWrapper)[pri:0, instance:cucumberoptions.TestRunner@31ff43be]" name="runScenario" duration-ms="26135" started-at="2021-10-27T05:48:47Z" description="Runs Cucumber Scenarios" data-provider="scenarios" finished-at="2021-10-27T05:49:13Z">
          <params>
            <param index="0">
              <value>
                <![CDATA["positive test validating login"]]>
              </value>
            </param>
            <param index="1">
              <value>
                <![CDATA["Login into application"]]>
              </value>
            </param>
          </params>
          <reporter-output>
          </reporter-output>
        </test-method> <!-- runScenario -->
        <test-method status="PASS" signature="tearDownClass()[pri:0, instance:cucumberoptions.TestRunner@31ff43be]" name="tearDownClass" is-config="true" duration-ms="1" started-at="2021-10-27T05:49:13Z" finished-at="2021-10-27T05:49:13Z">
          <reporter-output>
          </reporter-output>
        </test-method> <!-- tearDownClass -->
      </class> <!-- cucumberoptions.TestRunner -->
    </test> <!-- Reddiff ap[lication test cases -->
  </suite> <!-- Rediff Apllication suite -->
</testng-results>
