<?xml version="1.0" encoding="UTF-8"?>
<testng-results skipped="0" failed="0" ignored="0" total="1" passed="1">
  <reporter-output>
  </reporter-output>
  <suite name="Default suite" duration-ms="23521" started-at="2021-11-24T16:11:18 MST" finished-at="2021-11-24T16:11:41 MST">
    <groups>
      <group name="cucumber">
        <method signature="AbstractTestNGCucumberTests.runScenario(io.cucumber.testng.PickleWrapper, io.cucumber.testng.FeatureWrapper)[pri:0, instance:cucumberoptions.TestRunner@1a1d6a08]" name="runScenario" class="io.cucumber.testng.AbstractTestNGCucumberTests"/>
      </group> <!-- cucumber -->
    </groups>
    <test name="Default test" duration-ms="23521" started-at="2021-11-24T16:11:18 MST" finished-at="2021-11-24T16:11:41 MST">
      <class name="cucumberoptions.TestRunner">
        <test-method status="PASS" signature="setUpClass()[pri:0, instance:cucumberoptions.TestRunner@1a1d6a08]" name="setUpClass" is-config="true" duration-ms="325" started-at="2021-11-24T16:11:18 MST" finished-at="2021-11-24T16:11:18 MST">
          <reporter-output>
          </reporter-output>
        </test-method> <!-- setUpClass -->
        <test-method status="PASS" signature="runScenario(io.cucumber.testng.PickleWrapper, io.cucumber.testng.FeatureWrapper)[pri:0, instance:cucumberoptions.TestRunner@1a1d6a08]" name="runScenario" duration-ms="22903" started-at="2021-11-24T16:11:18 MST" description="Runs Cucumber Scenarios" data-provider="scenarios" finished-at="2021-11-24T16:11:41 MST">
          <params>
            <param index="0">
              <value>
                <![CDATA["rediff data table"]]>
              </value>
            </param>
            <param index="1">
              <value>
                <![CDATA["deal data creation"]]>
              </value>
            </param>
          </params>
          <reporter-output>
          </reporter-output>
        </test-method> <!-- runScenario -->
        <test-method status="PASS" signature="tearDownClass()[pri:0, instance:cucumberoptions.TestRunner@1a1d6a08]" name="tearDownClass" is-config="true" duration-ms="241" started-at="2021-11-24T16:11:41 MST" finished-at="2021-11-24T16:11:41 MST">
          <reporter-output>
          </reporter-output>
        </test-method> <!-- tearDownClass -->
      </class> <!-- cucumberoptions.TestRunner -->
    </test> <!-- Default test -->
  </suite> <!-- Default suite -->
</testng-results>
